<?xml version="1.0" encoding="UTF-8"?>
<testsuite name="one.digitalinnovationon.junit.PessoaTest" tests="1" skipped="0" failures="0" errors="0" timestamp="2023-03-04T23:32:16" hostname="claudioneves-370E4K" time="0.079">
  <properties/>
  <testcase name="deveRetornarSeEhMaiorDeIdade()" classname="one.digitalinnovationon.junit.PessoaTest" time="0.079"/>
  <system-out><![CDATA[]]></system-out>
  <system-err><![CDATA[]]></system-err>
</testsuite>
