<?xml version="1.0" encoding="UTF-8"?>
<testsuite name="one.digitalinnovationon.junit.PessoaTest" tests="1" skipped="0" failures="0" errors="0" timestamp="2023-03-04T22:55:48" hostname="claudioneves-370E4K" time="0.076">
  <properties/>
  <testcase name="validarCalculoDeIdade()" classname="one.digitalinnovationon.junit.PessoaTest" time="0.076"/>
  <system-out><![CDATA[]]></system-out>
  <system-err><![CDATA[]]></system-err>
</testsuite>
